::1 - GET /catalog/user/5e831461b5d39f06b851d3ed HTTP/1.1 302 56 - 11.789 ms
::1 - GET /login HTTP/1.1 200 314 - 365.388 ms
::1 - POST /login HTTP/1.1 302 60 - 70.946 ms
::1 - GET /catalog HTTP/1.1 200 1999 - 86.791 ms
::1 - GET /stylesheets/bootstrap.min.css HTTP/1.1 304 - - 2.504 ms
::1 - GET /javascripts/bootstrap.min.js HTTP/1.1 304 - - 1.980 ms
::1 - GET /javascripts/jquery.min.js HTTP/1.1 404 3450 - 113.356 ms
::1 - GET /stylesheets/style.css HTTP/1.1 304 - - 1.506 ms
::1 - GET /catalog/user/5e831461b5d39f06b851d3ed/update HTTP/1.1 200 5457 - 193.518 ms
::1 - GET /stylesheets/bootstrap.min.css HTTP/1.1 304 - - 0.462 ms
::1 - GET /javascripts/jquery.min.js HTTP/1.1 404 3450 - 74.108 ms
::1 - GET /javascripts/bootstrap.min.js HTTP/1.1 304 - - 1.655 ms
::1 - GET /stylesheets/style.css HTTP/1.1 304 - - 1.415 ms
::1 - POST /catalog/user/5e831461b5d39f06b851d3ed/update HTTP/1.1 302 120 - 35.178 ms
::1 - GET /catalog/user/5e831461b5d39f06b851d3ed HTTP/1.1 200 2397 - 76.312 ms
::1 - GET /stylesheets/bootstrap.min.css HTTP/1.1 304 - - 3.192 ms
::1 - GET /javascripts/bootstrap.min.js HTTP/1.1 304 - - 1.200 ms
::1 - GET /javascripts/jquery.min.js HTTP/1.1 404 3450 - 71.946 ms
::1 - GET /stylesheets/style.css HTTP/1.1 304 - - 2.333 ms
::1 - GET /logout HTTP/1.1 302 56 - 4.392 ms
::1 - GET /login HTTP/1.1 200 314 - 8.325 ms
::1 - POST /login HTTP/1.1 302 60 - 18.521 ms
::1 - GET /catalog HTTP/1.1 200 1997 - 39.946 ms
::1 - GET /stylesheets/bootstrap.min.css HTTP/1.1 304 - - 1.975 ms
::1 - GET /stylesheets/style.css HTTP/1.1 304 - - 1.581 ms
::1 - GET /javascripts/bootstrap.min.js HTTP/1.1 304 - - 40.272 ms
::1 - GET /javascripts/jquery.min.js HTTP/1.1 404 3448 - 40.727 ms
::1 - GET /logout HTTP/1.1 302 56 - 0.888 ms
::1 - GET /login HTTP/1.1 200 314 - 8.572 ms
::1 - POST /login HTTP/1.1 302 60 - 20.415 ms
::1 - GET /catalog HTTP/1.1 200 1947 - 34.603 ms
::1 - GET /stylesheets/bootstrap.min.css HTTP/1.1 304 - - 1.751 ms
::1 - GET /javascripts/bootstrap.min.js HTTP/1.1 304 - - 44.667 ms
::1 - GET /javascripts/jquery.min.js HTTP/1.1 404 3398 - 44.525 ms
::1 - GET /stylesheets/style.css HTTP/1.1 304 - - 0.463 ms
::1 - GET /catalog/user HTTP/1.1 200 3785 - 83.801 ms
::1 - GET /stylesheets/bootstrap.min.css HTTP/1.1 304 - - 2.568 ms
::1 - GET /javascripts/bootstrap.min.js HTTP/1.1 304 - - 34.524 ms
::1 - GET /stylesheets/style.css HTTP/1.1 304 - - 34.563 ms
::1 - GET /javascripts/jquery.min.js HTTP/1.1 404 3398 - 34.759 ms
::1 - GET /catalog/user/5e831461b5d39f06b851d3eb HTTP/1.1 200 2344 - 48.368 ms
::1 - GET /stylesheets/bootstrap.min.css HTTP/1.1 304 - - 0.973 ms
::1 - GET /javascripts/bootstrap.min.js HTTP/1.1 304 - - 43.010 ms
::1 - GET /stylesheets/style.css HTTP/1.1 304 - - 42.167 ms
::1 - GET /javascripts/jquery.min.js HTTP/1.1 404 3398 - 42.258 ms
::1 - GET /catalog/user/5e831461b5d39f06b851d3eb/update HTTP/1.1 200 5405 - 119.629 ms
::1 - GET /stylesheets/bootstrap.min.css HTTP/1.1 304 - - 30.034 ms
::1 - GET /javascripts/jquery.min.js HTTP/1.1 404 3398 - 30.186 ms
::1 - GET /javascripts/bootstrap.min.js HTTP/1.1 304 - - 1.129 ms
::1 - GET /stylesheets/style.css HTTP/1.1 304 - - 2.392 ms
::1 - POST /catalog/user/5e831461b5d39f06b851d3eb/update HTTP/1.1 302 120 - 16.080 ms
::1 - GET /catalog/user/5e831461b5d39f06b851d3eb HTTP/1.1 200 2344 - 36.871 ms
::1 - GET /stylesheets/bootstrap.min.css HTTP/1.1 304 - - 1.087 ms
::1 - GET /javascripts/bootstrap.min.js HTTP/1.1 304 - - 1.291 ms
::1 - GET /stylesheets/style.css HTTP/1.1 304 - - 40.433 ms
::1 - GET /javascripts/jquery.min.js HTTP/1.1 404 3398 - 42.534 ms
::1 - GET /catalog/user/5e831461b5d39f06b851d3eb HTTP/1.1 304 - - 70.441 ms
::1 - GET /stylesheets/bootstrap.min.css HTTP/1.1 304 - - 0.857 ms
::1 - GET /javascripts/jquery.min.js HTTP/1.1 404 3398 - 43.683 ms
::1 - GET /javascripts/bootstrap.min.js HTTP/1.1 304 - - 1.225 ms
::1 - GET /stylesheets/style.css HTTP/1.1 304 - - 0.640 ms
::1 - GET /catalog/user/5e831461b5d39f06b851d3eb HTTP/1.1 304 - - 59.369 ms
::1 - GET /stylesheets/bootstrap.min.css HTTP/1.1 304 - - 1.704 ms
::1 - GET /javascripts/jquery.min.js HTTP/1.1 404 3398 - 28.780 ms
::1 - GET /javascripts/bootstrap.min.js HTTP/1.1 304 - - 1.766 ms
::1 - GET /stylesheets/style.css HTTP/1.1 304 - - 1.180 ms
::1 - GET /catalog/user/5e831461b5d39f06b851d3eb HTTP/1.1 304 - - 68.833 ms
::1 - GET /stylesheets/bootstrap.min.css HTTP/1.1 304 - - 1.031 ms
::1 - GET /javascripts/bootstrap.min.js HTTP/1.1 304 - - 26.103 ms
::1 - GET /javascripts/jquery.min.js HTTP/1.1 404 3398 - 24.677 ms
::1 - GET /stylesheets/style.css HTTP/1.1 304 - - 1.462 ms
::1 - - [04/Jun/2020:04:07:09 +0000] "GET /catalog/user/5e831461b5d39f06b851d3eb HTTP/1.1" 302 56 "http://localhost:3000/catalog/user/5e831461b5d39f06b851d3eb/update" "Mozilla/5.0 (Windows NT 10.0; Win64; x64) AppleWebKit/537.36 (KHTML, like Gecko) Chrome/81.0.4044.138 Safari/537.36"
::1 - - [04/Jun/2020:04:07:10 +0000] "GET /login HTTP/1.1" 200 314 "http://localhost:3000/catalog/user/5e831461b5d39f06b851d3eb/update" "Mozilla/5.0 (Windows NT 10.0; Win64; x64) AppleWebKit/537.36 (KHTML, like Gecko) Chrome/81.0.4044.138 Safari/537.36"
::1 - - [04/Jun/2020:04:07:17 +0000] "POST /login HTTP/1.1" 302 60 "http://localhost:3000/login" "Mozilla/5.0 (Windows NT 10.0; Win64; x64) AppleWebKit/537.36 (KHTML, like Gecko) Chrome/81.0.4044.138 Safari/537.36"
::1 - - [04/Jun/2020:04:07:17 +0000] "GET /catalog HTTP/1.1" 200 2000 "http://localhost:3000/login" "Mozilla/5.0 (Windows NT 10.0; Win64; x64) AppleWebKit/537.36 (KHTML, like Gecko) Chrome/81.0.4044.138 Safari/537.36"
::1 - - [04/Jun/2020:04:07:17 +0000] "GET /stylesheets/bootstrap.min.css HTTP/1.1" 304 - "http://localhost:3000/catalog" "Mozilla/5.0 (Windows NT 10.0; Win64; x64) AppleWebKit/537.36 (KHTML, like Gecko) Chrome/81.0.4044.138 Safari/537.36"
::1 - - [04/Jun/2020:04:07:17 +0000] "GET /javascripts/jquery.min.js HTTP/1.1" 404 3451 "http://localhost:3000/catalog" "Mozilla/5.0 (Windows NT 10.0; Win64; x64) AppleWebKit/537.36 (KHTML, like Gecko) Chrome/81.0.4044.138 Safari/537.36"
::1 - - [04/Jun/2020:04:07:17 +0000] "GET /javascripts/bootstrap.min.js HTTP/1.1" 304 - "http://localhost:3000/catalog" "Mozilla/5.0 (Windows NT 10.0; Win64; x64) AppleWebKit/537.36 (KHTML, like Gecko) Chrome/81.0.4044.138 Safari/537.36"
::1 - - [04/Jun/2020:04:07:17 +0000] "GET /stylesheets/style.css HTTP/1.1" 304 - "http://localhost:3000/catalog" "Mozilla/5.0 (Windows NT 10.0; Win64; x64) AppleWebKit/537.36 (KHTML, like Gecko) Chrome/81.0.4044.138 Safari/537.36"
::1 - - [04/Jun/2020:04:07:19 +0000] "GET /catalog/user/5e831461b5d39f06b851d3ed/update HTTP/1.1" 200 5459 "http://localhost:3000/catalog" "Mozilla/5.0 (Windows NT 10.0; Win64; x64) AppleWebKit/537.36 (KHTML, like Gecko) Chrome/81.0.4044.138 Safari/537.36"
::1 - - [04/Jun/2020:04:07:19 +0000] "GET /javascripts/jquery.min.js HTTP/1.1" 404 3451 "http://localhost:3000/catalog/user/5e831461b5d39f06b851d3ed/update" "Mozilla/5.0 (Windows NT 10.0; Win64; x64) AppleWebKit/537.36 (KHTML, like Gecko) Chrome/81.0.4044.138 Safari/537.36"
::1 - - [04/Jun/2020:04:07:19 +0000] "GET /stylesheets/bootstrap.min.css HTTP/1.1" 304 - "http://localhost:3000/catalog/user/5e831461b5d39f06b851d3ed/update" "Mozilla/5.0 (Windows NT 10.0; Win64; x64) AppleWebKit/537.36 (KHTML, like Gecko) Chrome/81.0.4044.138 Safari/537.36"
::1 - - [04/Jun/2020:04:07:19 +0000] "GET /javascripts/bootstrap.min.js HTTP/1.1" 304 - "http://localhost:3000/catalog/user/5e831461b5d39f06b851d3ed/update" "Mozilla/5.0 (Windows NT 10.0; Win64; x64) AppleWebKit/537.36 (KHTML, like Gecko) Chrome/81.0.4044.138 Safari/537.36"
::1 - - [04/Jun/2020:04:07:19 +0000] "GET /stylesheets/style.css HTTP/1.1" 304 - "http://localhost:3000/catalog/user/5e831461b5d39f06b851d3ed/update" "Mozilla/5.0 (Windows NT 10.0; Win64; x64) AppleWebKit/537.36 (KHTML, like Gecko) Chrome/81.0.4044.138 Safari/537.36"
joke
joke
joke
joke
joke
joke
joke
joke
joke
joke
joke
joke
::1 - GET /login 200 http://localhost:3000/catalog/user/5e831461b5d39f06b851d3ed/update 400.763 ms Mozilla/5.0 (Windows NT 10.0; Win64; x64) AppleWebKit/537.36 (KHTML, like Gecko) Chrome/81.0.4044.138 Safari/537.36
::1 - POST /login 302 http://localhost:3000/login 94.163 ms Mozilla/5.0 (Windows NT 10.0; Win64; x64) AppleWebKit/537.36 (KHTML, like Gecko) Chrome/81.0.4044.138 Safari/537.36
::1 - GET /catalog 200 http://localhost:3000/login 96.526 ms Mozilla/5.0 (Windows NT 10.0; Win64; x64) AppleWebKit/537.36 (KHTML, like Gecko) Chrome/81.0.4044.138 Safari/537.36
::1 - GET /javascripts/jquery.min.js 404 http://localhost:3000/catalog 92.870 ms Mozilla/5.0 (Windows NT 10.0; Win64; x64) AppleWebKit/537.36 (KHTML, like Gecko) Chrome/81.0.4044.138 Safari/537.36
::1 - GET /javascripts/bootstrap.min.js 304 http://localhost:3000/catalog 5.611 ms Mozilla/5.0 (Windows NT 10.0; Win64; x64) AppleWebKit/537.36 (KHTML, like Gecko) Chrome/81.0.4044.138 Safari/537.36
::1 - GET /catalog/user/5e831461b5d39f06b851d3ed/update 200 http://localhost:3000/catalog 252.720 ms Mozilla/5.0 (Windows NT 10.0; Win64; x64) AppleWebKit/537.36 (KHTML, like Gecko) Chrome/81.0.4044.138 Safari/537.36
::1 - GET /javascripts/jquery.min.js 404 http://localhost:3000/catalog/user/5e831461b5d39f06b851d3ed/update 91.511 ms Mozilla/5.0 (Windows NT 10.0; Win64; x64) AppleWebKit/537.36 (KHTML, like Gecko) Chrome/81.0.4044.138 Safari/537.36
::1 - GET /javascripts/bootstrap.min.js 304 http://localhost:3000/catalog/user/5e831461b5d39f06b851d3ed/update 5.044 ms Mozilla/5.0 (Windows NT 10.0; Win64; x64) AppleWebKit/537.36 (KHTML, like Gecko) Chrome/81.0.4044.138 Safari/537.36
::1 - POST /catalog/user/5e831461b5d39f06b851d3ed/update 302 http://localhost:3000/catalog/user/5e831461b5d39f06b851d3ed/update 30.593 ms Mozilla/5.0 (Windows NT 10.0; Win64; x64) AppleWebKit/537.36 (KHTML, like Gecko) Chrome/81.0.4044.138 Safari/537.36
::1 - GET /catalog/user/5e831461b5d39f06b851d3ed 200 http://localhost:3000/catalog/user/5e831461b5d39f06b851d3ed/update 100.354 ms Mozilla/5.0 (Windows NT 10.0; Win64; x64) AppleWebKit/537.36 (KHTML, like Gecko) Chrome/81.0.4044.138 Safari/537.36
::1 - GET /javascripts/bootstrap.min.js 304 http://localhost:3000/catalog/user/5e831461b5d39f06b851d3ed 5.808 ms Mozilla/5.0 (Windows NT 10.0; Win64; x64) AppleWebKit/537.36 (KHTML, like Gecko) Chrome/81.0.4044.138 Safari/537.36
::1 - GET /javascripts/jquery.min.js 404 http://localhost:3000/catalog/user/5e831461b5d39f06b851d3ed 79.012 ms Mozilla/5.0 (Windows NT 10.0; Win64; x64) AppleWebKit/537.36 (KHTML, like Gecko) Chrome/81.0.4044.138 Safari/537.36
::1 - GET /catalog/user/5e831461b5d39f06b851d3ed 302 http://localhost:3000/catalog/user/5e831461b5d39f06b851d3ed/update 16.306 ms Mozilla/5.0 (Windows NT 10.0; Win64; x64) AppleWebKit/537.36 (KHTML, like Gecko) Chrome/81.0.4044.138 Safari/537.36
::1 - GET /login 200 http://localhost:3000/catalog/user/5e831461b5d39f06b851d3ed/update 458.758 ms Mozilla/5.0 (Windows NT 10.0; Win64; x64) AppleWebKit/537.36 (KHTML, like Gecko) Chrome/81.0.4044.138 Safari/537.36
::1 - POST /login 302 http://localhost:3000/login 90.706 ms Mozilla/5.0 (Windows NT 10.0; Win64; x64) AppleWebKit/537.36 (KHTML, like Gecko) Chrome/81.0.4044.138 Safari/537.36
::1 - GET /catalog 200 http://localhost:3000/login 100.730 ms Mozilla/5.0 (Windows NT 10.0; Win64; x64) AppleWebKit/537.36 (KHTML, like Gecko) Chrome/81.0.4044.138 Safari/537.36
::1 - GET /javascripts/jquery.min.js 404 http://localhost:3000/catalog 97.215 ms Mozilla/5.0 (Windows NT 10.0; Win64; x64) AppleWebKit/537.36 (KHTML, like Gecko) Chrome/81.0.4044.138 Safari/537.36
::1 - GET /javascripts/bootstrap.min.js 304 http://localhost:3000/catalog 10.209 ms Mozilla/5.0 (Windows NT 10.0; Win64; x64) AppleWebKit/537.36 (KHTML, like Gecko) Chrome/81.0.4044.138 Safari/537.36
::1 - GET /catalog/user/5e831461b5d39f06b851d3ed/update 200 http://localhost:3000/catalog 215.845 ms Mozilla/5.0 (Windows NT 10.0; Win64; x64) AppleWebKit/537.36 (KHTML, like Gecko) Chrome/81.0.4044.138 Safari/537.36
::1 - GET /javascripts/bootstrap.min.js 304 http://localhost:3000/catalog/user/5e831461b5d39f06b851d3ed/update 78.077 ms Mozilla/5.0 (Windows NT 10.0; Win64; x64) AppleWebKit/537.36 (KHTML, like Gecko) Chrome/81.0.4044.138 Safari/537.36
::1 - GET /javascripts/jquery.min.js 404 http://localhost:3000/catalog/user/5e831461b5d39f06b851d3ed/update 77.915 ms Mozilla/5.0 (Windows NT 10.0; Win64; x64) AppleWebKit/537.36 (KHTML, like Gecko) Chrome/81.0.4044.138 Safari/537.36
::1 - POST /catalog/user/5e831461b5d39f06b851d3ed/update 302 http://localhost:3000/catalog/user/5e831461b5d39f06b851d3ed/update 33.389 ms Mozilla/5.0 (Windows NT 10.0; Win64; x64) AppleWebKit/537.36 (KHTML, like Gecko) Chrome/81.0.4044.138 Safari/537.36
::1 - GET /catalog/user/5e831461b5d39f06b851d3ed 200 http://localhost:3000/catalog/user/5e831461b5d39f06b851d3ed/update 109.453 ms Mozilla/5.0 (Windows NT 10.0; Win64; x64) AppleWebKit/537.36 (KHTML, like Gecko) Chrome/81.0.4044.138 Safari/537.36
::1 - GET /javascripts/bootstrap.min.js 304 http://localhost:3000/catalog/user/5e831461b5d39f06b851d3ed 100.429 ms Mozilla/5.0 (Windows NT 10.0; Win64; x64) AppleWebKit/537.36 (KHTML, like Gecko) Chrome/81.0.4044.138 Safari/537.36
::1 - GET /javascripts/jquery.min.js 404 http://localhost:3000/catalog/user/5e831461b5d39f06b851d3ed 106.695 ms Mozilla/5.0 (Windows NT 10.0; Win64; x64) AppleWebKit/537.36 (KHTML, like Gecko) Chrome/81.0.4044.138 Safari/537.36
::1 - GET /login 200 http://localhost:3000/catalog/user/5e831461b5d39f06b851d3ed/update 449.213 ms Mozilla/5.0 (Windows NT 10.0; Win64; x64) AppleWebKit/537.36 (KHTML, like Gecko) Chrome/81.0.4044.138 Safari/537.36
::1 - POST /login 302 http://localhost:3000/login 78.800 ms Mozilla/5.0 (Windows NT 10.0; Win64; x64) AppleWebKit/537.36 (KHTML, like Gecko) Chrome/81.0.4044.138 Safari/537.36
::1 - GET /catalog 200 http://localhost:3000/login 98.259 ms Mozilla/5.0 (Windows NT 10.0; Win64; x64) AppleWebKit/537.36 (KHTML, like Gecko) Chrome/81.0.4044.138 Safari/537.36
::1 - GET /javascripts/jquery.min.js 404 http://localhost:3000/catalog 89.649 ms Mozilla/5.0 (Windows NT 10.0; Win64; x64) AppleWebKit/537.36 (KHTML, like Gecko) Chrome/81.0.4044.138 Safari/537.36
::1 - GET /javascripts/bootstrap.min.js 304 http://localhost:3000/catalog 2.723 ms Mozilla/5.0 (Windows NT 10.0; Win64; x64) AppleWebKit/537.36 (KHTML, like Gecko) Chrome/81.0.4044.138 Safari/537.36
Thu, 04 Jun 2020 05:32:07 GMT web ::1 - GET /catalog 302 http://localhost:3000/login 11.665 ms Mozilla/5.0 (Windows NT 10.0; Win64; x64) AppleWebKit/537.36 (KHTML, like Gecko) Chrome/81.0.4044.138 Safari/537.36
Thu, 04 Jun 2020 05:32:08 GMT web ::1 - GET /login 200 http://localhost:3000/login 397.505 ms Mozilla/5.0 (Windows NT 10.0; Win64; x64) AppleWebKit/537.36 (KHTML, like Gecko) Chrome/81.0.4044.138 Safari/537.36
Thu, 04 Jun 2020 05:32:13 GMT web ::1 - POST /login 302 http://localhost:3000/login 77.987 ms Mozilla/5.0 (Windows NT 10.0; Win64; x64) AppleWebKit/537.36 (KHTML, like Gecko) Chrome/81.0.4044.138 Safari/537.36
Thu, 04 Jun 2020 05:32:13 GMT web ::1 - GET /catalog 200 http://localhost:3000/login 94.974 ms Mozilla/5.0 (Windows NT 10.0; Win64; x64) AppleWebKit/537.36 (KHTML, like Gecko) Chrome/81.0.4044.138 Safari/537.36
Thu, 04 Jun 2020 05:32:13 GMT web ::1 - GET /javascripts/jquery.min.js 404 http://localhost:3000/catalog 84.072 ms Mozilla/5.0 (Windows NT 10.0; Win64; x64) AppleWebKit/537.36 (KHTML, like Gecko) Chrome/81.0.4044.138 Safari/537.36
Thu, 04 Jun 2020 05:32:13 GMT web ::1 - GET /javascripts/bootstrap.min.js 304 http://localhost:3000/catalog 100.634 ms Mozilla/5.0 (Windows NT 10.0; Win64; x64) AppleWebKit/537.36 (KHTML, like Gecko) Chrome/81.0.4044.138 Safari/537.36
Thu, 04 Jun 2020 05:32:15 GMT web ::1 - GET /catalog/user/5e831461b5d39f06b851d3ed/update 200 http://localhost:3000/catalog 226.312 ms Mozilla/5.0 (Windows NT 10.0; Win64; x64) AppleWebKit/537.36 (KHTML, like Gecko) Chrome/81.0.4044.138 Safari/537.36
Thu, 04 Jun 2020 05:32:15 GMT web ::1 - GET /javascripts/bootstrap.min.js 304 http://localhost:3000/catalog/user/5e831461b5d39f06b851d3ed/update 6.949 ms Mozilla/5.0 (Windows NT 10.0; Win64; x64) AppleWebKit/537.36 (KHTML, like Gecko) Chrome/81.0.4044.138 Safari/537.36
Thu, 04 Jun 2020 05:32:15 GMT web ::1 - GET /javascripts/jquery.min.js 404 http://localhost:3000/catalog/user/5e831461b5d39f06b851d3ed/update 100.035 ms Mozilla/5.0 (Windows NT 10.0; Win64; x64) AppleWebKit/537.36 (KHTML, like Gecko) Chrome/81.0.4044.138 Safari/537.36
Thu, 04 Jun 2020 05:32:19 GMT web ::1 - POST /catalog/user/5e831461b5d39f06b851d3ed/update 302 http://localhost:3000/catalog/user/5e831461b5d39f06b851d3ed/update 32.159 ms Mozilla/5.0 (Windows NT 10.0; Win64; x64) AppleWebKit/537.36 (KHTML, like Gecko) Chrome/81.0.4044.138 Safari/537.36
Thu, 04 Jun 2020 05:32:20 GMT web ::1 - GET /catalog/user/5e831461b5d39f06b851d3ed 200 http://localhost:3000/catalog/user/5e831461b5d39f06b851d3ed/update 93.052 ms Mozilla/5.0 (Windows NT 10.0; Win64; x64) AppleWebKit/537.36 (KHTML, like Gecko) Chrome/81.0.4044.138 Safari/537.36
Thu, 04 Jun 2020 05:32:20 GMT web ::1 - GET /javascripts/bootstrap.min.js 304 http://localhost:3000/catalog/user/5e831461b5d39f06b851d3ed 5.438 ms Mozilla/5.0 (Windows NT 10.0; Win64; x64) AppleWebKit/537.36 (KHTML, like Gecko) Chrome/81.0.4044.138 Safari/537.36
Thu, 04 Jun 2020 05:32:20 GMT web ::1 - GET /javascripts/jquery.min.js 404 http://localhost:3000/catalog/user/5e831461b5d39f06b851d3ed 78.021 ms Mozilla/5.0 (Windows NT 10.0; Win64; x64) AppleWebKit/537.36 (KHTML, like Gecko) Chrome/81.0.4044.138 Safari/537.36
Thu, 04 Jun 2020 05:33:25 GMT ::1 - GET /catalog/user/5e831461b5d39f06b851d3ed 302 http://localhost:3000/catalog/user/5e831461b5d39f06b851d3ed/update 19.322 ms Mozilla/5.0 (Windows NT 10.0; Win64; x64) AppleWebKit/537.36 (KHTML, like Gecko) Chrome/81.0.4044.138 Safari/537.36
Thu, 04 Jun 2020 05:33:26 GMT ::1 - GET /login 200 http://localhost:3000/catalog/user/5e831461b5d39f06b851d3ed/update 839.177 ms Mozilla/5.0 (Windows NT 10.0; Win64; x64) AppleWebKit/537.36 (KHTML, like Gecko) Chrome/81.0.4044.138 Safari/537.36
Thu, 04 Jun 2020 05:33:30 GMT ::1 - POST /login 302 http://localhost:3000/login 95.536 ms Mozilla/5.0 (Windows NT 10.0; Win64; x64) AppleWebKit/537.36 (KHTML, like Gecko) Chrome/81.0.4044.138 Safari/537.36
Thu, 04 Jun 2020 05:33:30 GMT ::1 - GET /catalog 200 http://localhost:3000/login 111.073 ms Mozilla/5.0 (Windows NT 10.0; Win64; x64) AppleWebKit/537.36 (KHTML, like Gecko) Chrome/81.0.4044.138 Safari/537.36
Thu, 04 Jun 2020 05:33:31 GMT ::1 - GET /javascripts/jquery.min.js 404 http://localhost:3000/catalog 98.660 ms Mozilla/5.0 (Windows NT 10.0; Win64; x64) AppleWebKit/537.36 (KHTML, like Gecko) Chrome/81.0.4044.138 Safari/537.36
Thu, 04 Jun 2020 05:33:31 GMT ::1 - GET /javascripts/bootstrap.min.js 304 http://localhost:3000/catalog 5.050 ms Mozilla/5.0 (Windows NT 10.0; Win64; x64) AppleWebKit/537.36 (KHTML, like Gecko) Chrome/81.0.4044.138 Safari/537.36
Thu, 04 Jun 2020 05:33:32 GMT ::1 - GET /catalog/user/5e831461b5d39f06b851d3ed/update 200 http://localhost:3000/catalog 234.098 ms Mozilla/5.0 (Windows NT 10.0; Win64; x64) AppleWebKit/537.36 (KHTML, like Gecko) Chrome/81.0.4044.138 Safari/537.36
Thu, 04 Jun 2020 05:33:32 GMT ::1 - GET /javascripts/bootstrap.min.js 304 http://localhost:3000/catalog/user/5e831461b5d39f06b851d3ed/update 5.230 ms Mozilla/5.0 (Windows NT 10.0; Win64; x64) AppleWebKit/537.36 (KHTML, like Gecko) Chrome/81.0.4044.138 Safari/537.36
Thu, 04 Jun 2020 05:33:32 GMT ::1 - GET /javascripts/jquery.min.js 404 http://localhost:3000/catalog/user/5e831461b5d39f06b851d3ed/update 74.955 ms Mozilla/5.0 (Windows NT 10.0; Win64; x64) AppleWebKit/537.36 (KHTML, like Gecko) Chrome/81.0.4044.138 Safari/537.36
date-Thu, 04 Jun 2020 05:34:14 GMT ::1 - GET /catalog/user/5e831461b5d39f06b851d3ed/update 302 http://localhost:3000/catalog 11.897 ms Mozilla/5.0 (Windows NT 10.0; Win64; x64) AppleWebKit/537.36 (KHTML, like Gecko) Chrome/81.0.4044.138 Safari/537.36
date-Thu, 04 Jun 2020 05:34:15 GMT ::1 - GET /login 200 http://localhost:3000/catalog 770.115 ms Mozilla/5.0 (Windows NT 10.0; Win64; x64) AppleWebKit/537.36 (KHTML, like Gecko) Chrome/81.0.4044.138 Safari/537.36
date-Thu, 04 Jun 2020 05:35:33 GMT ::1 - GET /login 304 http://localhost:3000/catalog 48.578 ms Mozilla/5.0 (Windows NT 10.0; Win64; x64) AppleWebKit/537.36 (KHTML, like Gecko) Chrome/81.0.4044.138 Safari/537.36
dateThu, 04 Jun 2020 05:35:42 GMT remote-addr ::1 remote-user- methodGET url/login status304 referrerhttp://localhost:3000/catalog response-time856.013 ms user-agentMozilla/5.0 (Windows NT 10.0; Win64; x64) AppleWebKit/537.36 (KHTML, like Gecko) Chrome/81.0.4044.138 Safari/537.36
date>Thu, 04 Jun 2020 05:37:16 GMT remote-addr>::1 remote-user>- method>GET url>/login status>304 referrer>http://localhost:3000/catalog response-time>813.401 ms user-agent>Mozilla/5.0 (Windows NT 10.0; Win64; x64) AppleWebKit/537.36 (KHTML, like Gecko) Chrome/81.0.4044.138 Safari/537.36
date>Thu, 04 Jun 2020 05:48:24 GMT remote-addr>::ffff:127.0.0.1 remote-user>- method>GET url>/catalog status>302 referrer>http://localhost:3000/login response-time>15.113 ms user-agent>Mozilla/5.0 (Windows NT 10.0; Win64; x64) AppleWebKit/537.36 (KHTML, like Gecko) Chrome/81.0.4044.138 Safari/537.36
date>Thu, 04 Jun 2020 05:48:25 GMT remote-addr>::ffff:127.0.0.1 remote-user>- method>GET url>/login status>200 referrer>http://localhost:3000/login response-time>831.260 ms user-agent>Mozilla/5.0 (Windows NT 10.0; Win64; x64) AppleWebKit/537.36 (KHTML, like Gecko) Chrome/81.0.4044.138 Safari/537.36
date>Thu Jun 04 2020 14:49:08 GMT+0900 (GMT+09:00) remote-addr>::1 remote-user>- method>GET url>/login status>304 referrer>http://localhost:3000/login response-time>841.700 ms user-agent>Mozilla/5.0 (Windows NT 10.0; Win64; x64) AppleWebKit/537.36 (KHTML, like Gecko) Chrome/81.0.4044.138 Safari/537.36
date>Thu Jun 04 2020 15:10:08 GMT+0900 (GMT+09:00) remote-addr>::1 remote-user>user2a method>POST url>/login status>302 referrer>http://localhost:3000/login response-time>114.381 ms user-agent>Mozilla/5.0 (Windows NT 10.0; Win64; x64) AppleWebKit/537.36 (KHTML, like Gecko) Chrome/81.0.4044.138 Safari/537.36
date>Thu Jun 04 2020 15:12:51 GMT+0900 (GMT+09:00) remote-addr>::1 remote-user>user2a method>GET url>/catalog status>200 referrer>http://localhost:3000/login response-time>931.818 ms user-agent>Mozilla/5.0 (Windows NT 10.0; Win64; x64) AppleWebKit/537.36 (KHTML, like Gecko) Chrome/81.0.4044.138 Safari/537.36
date>Thu Jun 04 2020 15:15:52 GMT+0900 (GMT+09:00) remote-addr>::1 remote-user>user2a method>POST url>/login status>302 referrer>http://localhost:3000/login response-time>114.233 ms user-agent>Mozilla/5.0 (Windows NT 10.0; Win64; x64) AppleWebKit/537.36 (KHTML, like Gecko) Chrome/81.0.4044.138 Safari/537.36
date>Thu Jun 04 2020 15:16:47 GMT+0900 (GMT+09:00) remote-addr>::1 remote-user>user2a method>GET url>/catalog status>200 referrer>http://localhost:3000/login response-time>885.695 ms user-agent>Mozilla/5.0 (Windows NT 10.0; Win64; x64) AppleWebKit/537.36 (KHTML, like Gecko) Chrome/81.0.4044.138 Safari/537.36
date>Thu Jun 04 2020 15:16:48 GMT+0900 (GMT+09:00) remote-addr>::1 remote-user>user2a method>GET url>/javascripts/jquery.min.js status>404 referrer>http://localhost:3000/catalog response-time>80.819 ms user-agent>Mozilla/5.0 (Windows NT 10.0; Win64; x64) AppleWebKit/537.36 (KHTML, like Gecko) Chrome/81.0.4044.138 Safari/537.36
date>Thu Jun 04 2020 15:16:48 GMT+0900 (GMT+09:00) remote-addr>::1 remote-user>user2a method>GET url>/javascripts/bootstrap.min.js status>304 referrer>http://localhost:3000/catalog response-time>80.946 ms user-agent>Mozilla/5.0 (Windows NT 10.0; Win64; x64) AppleWebKit/537.36 (KHTML, like Gecko) Chrome/81.0.4044.138 Safari/537.36
date>Thu Jun 04 2020 15:16:53 GMT+0900 (GMT+09:00) remote-addr>::1 remote-user>user2a method>GET url>/catalog/user/5e831461b5d39f06b851d3ed/update status>200 referrer>http://localhost:3000/catalog response-time>207.502 ms user-agent>Mozilla/5.0 (Windows NT 10.0; Win64; x64) AppleWebKit/537.36 (KHTML, like Gecko) Chrome/81.0.4044.138 Safari/537.36
date>Thu Jun 04 2020 15:16:53 GMT+0900 (GMT+09:00) remote-addr>::1 remote-user>user2a method>GET url>/javascripts/jquery.min.js status>404 referrer>http://localhost:3000/catalog/user/5e831461b5d39f06b851d3ed/update response-time>93.686 ms user-agent>Mozilla/5.0 (Windows NT 10.0; Win64; x64) AppleWebKit/537.36 (KHTML, like Gecko) Chrome/81.0.4044.138 Safari/537.36
date>Thu Jun 04 2020 15:16:53 GMT+0900 (GMT+09:00) remote-addr>::1 remote-user>user2a method>GET url>/javascripts/bootstrap.min.js status>304 referrer>http://localhost:3000/catalog/user/5e831461b5d39f06b851d3ed/update response-time>94.360 ms user-agent>Mozilla/5.0 (Windows NT 10.0; Win64; x64) AppleWebKit/537.36 (KHTML, like Gecko) Chrome/81.0.4044.138 Safari/537.36
date>Thu Jun 04 2020 15:16:59 GMT+0900 (GMT+09:00) remote-addr>::1 remote-user>user2a method>POST url>/catalog/user/5e831461b5d39f06b851d3ed/update status>302 referrer>http://localhost:3000/catalog/user/5e831461b5d39f06b851d3ed/update response-time>40.617 ms user-agent>Mozilla/5.0 (Windows NT 10.0; Win64; x64) AppleWebKit/537.36 (KHTML, like Gecko) Chrome/81.0.4044.138 Safari/537.36
date>Thu Jun 04 2020 15:16:59 GMT+0900 (GMT+09:00) remote-addr>::1 remote-user>user2a method>GET url>/catalog/user/5e831461b5d39f06b851d3ed status>200 referrer>http://localhost:3000/catalog/user/5e831461b5d39f06b851d3ed/update response-time>102.693 ms user-agent>Mozilla/5.0 (Windows NT 10.0; Win64; x64) AppleWebKit/537.36 (KHTML, like Gecko) Chrome/81.0.4044.138 Safari/537.36
date>Thu Jun 04 2020 15:16:59 GMT+0900 (GMT+09:00) remote-addr>::1 remote-user>user2a method>GET url>/javascripts/jquery.min.js status>404 referrer>http://localhost:3000/catalog/user/5e831461b5d39f06b851d3ed response-time>100.433 ms user-agent>Mozilla/5.0 (Windows NT 10.0; Win64; x64) AppleWebKit/537.36 (KHTML, like Gecko) Chrome/81.0.4044.138 Safari/537.36
date>Thu Jun 04 2020 15:16:59 GMT+0900 (GMT+09:00) remote-addr>::1 remote-user>user2a method>GET url>/javascripts/bootstrap.min.js status>304 referrer>http://localhost:3000/catalog/user/5e831461b5d39f06b851d3ed response-time>2.436 ms user-agent>Mozilla/5.0 (Windows NT 10.0; Win64; x64) AppleWebKit/537.36 (KHTML, like Gecko) Chrome/81.0.4044.138 Safari/537.36
date>Thu Jun 04 2020 15:19:57 GMT+0900 (GMT+09:00) remote-addr>::1 remote-user>user2 method>POST url>/login status>302 referrer>http://localhost:3000/login response-time>136.031 ms user-agent>Mozilla/5.0 (Windows NT 10.0; Win64; x64) AppleWebKit/537.36 (KHTML, like Gecko) Chrome/81.0.4044.138 Safari/537.36
date>Thu Jun 04 2020 15:19:57 GMT+0900 (GMT+09:00) remote-addr>::1 remote-user>user2 method>GET url>/catalog status>200 referrer>http://localhost:3000/login response-time>773.829 ms user-agent>Mozilla/5.0 (Windows NT 10.0; Win64; x64) AppleWebKit/537.36 (KHTML, like Gecko) Chrome/81.0.4044.138 Safari/537.36
date>Thu Jun 04 2020 15:19:58 GMT+0900 (GMT+09:00) remote-addr>::1 remote-user>user2 method>GET url>/javascripts/jquery.min.js status>404 referrer>http://localhost:3000/catalog response-time>82.948 ms user-agent>Mozilla/5.0 (Windows NT 10.0; Win64; x64) AppleWebKit/537.36 (KHTML, like Gecko) Chrome/81.0.4044.138 Safari/537.36
date>Thu Jun 04 2020 15:19:58 GMT+0900 (GMT+09:00) remote-addr>::1 remote-user>user2 method>GET url>/javascripts/bootstrap.min.js status>304 referrer>http://localhost:3000/catalog response-time>2.933 ms user-agent>Mozilla/5.0 (Windows NT 10.0; Win64; x64) AppleWebKit/537.36 (KHTML, like Gecko) Chrome/81.0.4044.138 Safari/537.36
date>Thu Jun 04 2020 15:21:23 GMT+0900 (GMT+09:00) remote-addr>::1 remote-user>user2 method>GET url>/javascripts/jquery.min.js status>404 referrer>http://localhost:3000/catalog response-time>69.298 ms user-agent>Mozilla/5.0 (Windows NT 10.0; Win64; x64) AppleWebKit/537.36 (KHTML, like Gecko) Chrome/81.0.4044.138 Safari/537.36
date>Thu Jun 04 2020 15:22:14 GMT+0900 (GMT+09:00) remote-addr>::1 remote-user>user2 method>GET url>/javascripts/jquery.min.js status>404 referrer>http://localhost:3000/catalog response-time>95.683 ms user-agent>Mozilla/5.0 (Windows NT 10.0; Win64; x64) AppleWebKit/537.36 (KHTML, like Gecko) Chrome/81.0.4044.138 Safari/537.36
date>Thu Jun 04 2020 15:22:58 GMT+0900 (GMT+09:00) remote-addr>::1 remote-user>root method>GET url>/javascripts/jquery.min.js status>404 referrer>http://localhost:3000/catalog response-time>49.803 ms user-agent>Mozilla/5.0 (Windows NT 10.0; Win64; x64) AppleWebKit/537.36 (KHTML, like Gecko) Chrome/81.0.4044.138 Safari/537.36
date>Thu Jun 04 2020 15:23:40 GMT+0900 (GMT+09:00) remote-addr>::1 remote-user>root method>GET url>/javascripts/jquery.min.js status>404 referrer>http://localhost:3000/catalog/user/5e831461b5d39f06b851d3e9/update response-time>47.325 ms user-agent>Mozilla/5.0 (Windows NT 10.0; Win64; x64) AppleWebKit/537.36 (KHTML, like Gecko) Chrome/81.0.4044.138 Safari/537.36
date>Thu Jun 04 2020 15:25:42 GMT+0900 (GMT+09:00) remote-addr>::1 remote-user>user2 method>GET url>/javascripts/jquery.min.js status>404 referrer>http://localhost:3000/catalog response-time>94.380 ms user-agent>Mozilla/5.0 (Windows NT 10.0; Win64; x64) AppleWebKit/537.36 (KHTML, like Gecko) Chrome/81.0.4044.138 Safari/537.36
date>Thu Jun 04 2020 15:25:44 GMT+0900 (GMT+09:00) remote-addr>::1 remote-user>user2 method>GET url>/javascripts/jquery.min.js status>404 referrer>http://localhost:3000/catalog/user/5e831461b5d39f06b851d3ed/update response-time>76.784 ms user-agent>Mozilla/5.0 (Windows NT 10.0; Win64; x64) AppleWebKit/537.36 (KHTML, like Gecko) Chrome/81.0.4044.138 Safari/537.36
date>Thu Jun 04 2020 15:27:21 GMT+0900 (GMT+09:00) remote-addr>::1 remote-user>user2 method>POST url>/login status>302 referrer>http://localhost:3000/login response-time>68.078 ms user-agent>Mozilla/5.0 (Windows NT 10.0; Win64; x64) AppleWebKit/537.36 (KHTML, like Gecko) Chrome/81.0.4044.138 Safari/537.36
date>Thu Jun 04 2020 15:27:21 GMT+0900 (GMT+09:00) remote-addr>::1 remote-user>user2 method>GET url>/ status>304 referrer>http://localhost:3000/login response-time>822.041 ms user-agent>Mozilla/5.0 (Windows NT 10.0; Win64; x64) AppleWebKit/537.36 (KHTML, like Gecko) Chrome/81.0.4044.138 Safari/537.36
date>Thu Jun 04 2020 15:27:22 GMT+0900 (GMT+09:00) remote-addr>::1 remote-user>user2 method>GET url>/javascripts/jquery.min.js status>404 referrer>http://localhost:3000/catalog response-time>89.754 ms user-agent>Mozilla/5.0 (Windows NT 10.0; Win64; x64) AppleWebKit/537.36 (KHTML, like Gecko) Chrome/81.0.4044.138 Safari/537.36
date>Thu Jun 04 2020 15:27:25 GMT+0900 (GMT+09:00) remote-addr>::1 remote-user>user2 method>GET url>/user/5e831461b5d39f06b851d3ed/update status>304 referrer>http://localhost:3000/catalog response-time>252.662 ms user-agent>Mozilla/5.0 (Windows NT 10.0; Win64; x64) AppleWebKit/537.36 (KHTML, like Gecko) Chrome/81.0.4044.138 Safari/537.36
date>Thu Jun 04 2020 15:27:25 GMT+0900 (GMT+09:00) remote-addr>::1 remote-user>user2 method>GET url>/javascripts/jquery.min.js status>404 referrer>http://localhost:3000/catalog/user/5e831461b5d39f06b851d3ed/update response-time>74.693 ms user-agent>Mozilla/5.0 (Windows NT 10.0; Win64; x64) AppleWebKit/537.36 (KHTML, like Gecko) Chrome/81.0.4044.138 Safari/537.36
date>Thu Jun 04 2020 15:35:43 GMT+0900 (GMT+09:00) remote-addr>::1 remote-user>user0 method>POST url>/login status>302 referrer>http://localhost:3000/login response-time>117.413 ms user-agent>Mozilla/5.0 (Windows NT 10.0; Win64; x64) AppleWebKit/537.36 (KHTML, like Gecko) Chrome/81.0.4044.138 Safari/537.36
date>Thu Jun 04 2020 15:35:43 GMT+0900 (GMT+09:00) remote-addr>::1 remote-user>user0 method>GET url>/ status>200 referrer>http://localhost:3000/login response-time>1082.213 ms user-agent>Mozilla/5.0 (Windows NT 10.0; Win64; x64) AppleWebKit/537.36 (KHTML, like Gecko) Chrome/81.0.4044.138 Safari/537.36
date>Thu Jun 04 2020 15:35:44 GMT+0900 (GMT+09:00) remote-addr>::1 remote-user>user0 method>GET url>/javascripts/jquery.min.js status>404 referrer>http://localhost:3000/catalog response-time>92.637 ms user-agent>Mozilla/5.0 (Windows NT 10.0; Win64; x64) AppleWebKit/537.36 (KHTML, like Gecko) Chrome/81.0.4044.138 Safari/537.36
date>Thu Jun 04 2020 15:39:16 GMT+0900 (GMT+09:00) remote-addr>::1 remote-user>user0 method>POST url>/login status>302 referrer>http://localhost:3000/login response-time>87.433 ms user-agent>Mozilla/5.0 (Windows NT 10.0; Win64; x64) AppleWebKit/537.36 (KHTML, like Gecko) Chrome/81.0.4044.138 Safari/537.36
date>Thu Jun 04 2020 15:39:16 GMT+0900 (GMT+09:00) remote-addr>::1 remote-user>user0 method>GET url>/ status>200 referrer>http://localhost:3000/login response-time>863.200 ms user-agent>Mozilla/5.0 (Windows NT 10.0; Win64; x64) AppleWebKit/537.36 (KHTML, like Gecko) Chrome/81.0.4044.138 Safari/537.36
date>Thu Jun 04 2020 15:39:17 GMT+0900 (GMT+09:00) remote-addr>::1 remote-user>user0 method>GET url>/javascripts/jquery.min.js status>404 referrer>http://localhost:3000/catalog response-time>91.086 ms user-agent>Mozilla/5.0 (Windows NT 10.0; Win64; x64) AppleWebKit/537.36 (KHTML, like Gecko) Chrome/81.0.4044.138 Safari/537.36
date>Thu Jun 04 2020 15:39:23 GMT+0900 (GMT+09:00) remote-addr>::1 remote-user>user0 method>GET url>/ status>302 referrer>- response-time>3.806 ms user-agent>Mozilla/5.0 (Windows NT 10.0; Win64; x64) AppleWebKit/537.36 (KHTML, like Gecko) Chrome/81.0.4044.138 Safari/537.36
date>Thu Jun 04 2020 15:39:23 GMT+0900 (GMT+09:00) remote-addr>::1 remote-user>user0 method>GET url>/login status>200 referrer>- response-time>30.291 ms user-agent>Mozilla/5.0 (Windows NT 10.0; Win64; x64) AppleWebKit/537.36 (KHTML, like Gecko) Chrome/81.0.4044.138 Safari/537.36
date>Thu Jun 04 2020 15:39:29 GMT+0900 (GMT+09:00) remote-addr>::1 remote-user>user0 method>GET url>/ status>302 referrer>- response-time>1.699 ms user-agent>Mozilla/5.0 (Windows NT 10.0; Win64; x64) AppleWebKit/537.36 (KHTML, like Gecko) Chrome/81.0.4044.138 Safari/537.36
date>Thu Jun 04 2020 15:39:29 GMT+0900 (GMT+09:00) remote-addr>::1 remote-user>user0 method>GET url>/login status>304 referrer>- response-time>21.877 ms user-agent>Mozilla/5.0 (Windows NT 10.0; Win64; x64) AppleWebKit/537.36 (KHTML, like Gecko) Chrome/81.0.4044.138 Safari/537.36
date>Thu Jun 04 2020 15:39:40 GMT+0900 (GMT+09:00) remote-addr>::1 remote-user>user0 method>POST url>/login status>302 referrer>http://localhost:3000/login response-time>23.201 ms user-agent>Mozilla/5.0 (Windows NT 10.0; Win64; x64) AppleWebKit/537.36 (KHTML, like Gecko) Chrome/81.0.4044.138 Safari/537.36
date>Thu Jun 04 2020 15:39:40 GMT+0900 (GMT+09:00) remote-addr>::1 remote-user>user0 method>GET url>/ status>304 referrer>http://localhost:3000/login response-time>175.847 ms user-agent>Mozilla/5.0 (Windows NT 10.0; Win64; x64) AppleWebKit/537.36 (KHTML, like Gecko) Chrome/81.0.4044.138 Safari/537.36
date>Thu Jun 04 2020 15:39:40 GMT+0900 (GMT+09:00) remote-addr>::1 remote-user>user0 method>GET url>/javascripts/jquery.min.js status>404 referrer>http://localhost:3000/catalog response-time>71.035 ms user-agent>Mozilla/5.0 (Windows NT 10.0; Win64; x64) AppleWebKit/537.36 (KHTML, like Gecko) Chrome/81.0.4044.138 Safari/537.36
date>Thu Jun 04 2020 15:39:43 GMT+0900 (GMT+09:00) remote-addr>::1 remote-user>user0 method>GET url>/user/5e831461b5d39f06b851d3eb/update status>200 referrer>http://localhost:3000/catalog response-time>261.696 ms user-agent>Mozilla/5.0 (Windows NT 10.0; Win64; x64) AppleWebKit/537.36 (KHTML, like Gecko) Chrome/81.0.4044.138 Safari/537.36
date>Thu Jun 04 2020 15:39:43 GMT+0900 (GMT+09:00) remote-addr>::1 remote-user>user0 method>GET url>/javascripts/jquery.min.js status>404 referrer>http://localhost:3000/catalog/user/5e831461b5d39f06b851d3eb/update response-time>84.128 ms user-agent>Mozilla/5.0 (Windows NT 10.0; Win64; x64) AppleWebKit/537.36 (KHTML, like Gecko) Chrome/81.0.4044.138 Safari/537.36
date>Thu Jun 04 2020 16:03:20 GMT+0900 (GMT+09:00) remote-addr>::1 remote-user>- method>GET url>/ status>302 referrer>- response-time>13.840 ms user-agent>Mozilla/5.0 (Windows NT 10.0; Win64; x64) AppleWebKit/537.36 (KHTML, like Gecko) Chrome/81.0.4044.138 Safari/537.36
date>Thu Jun 04 2020 16:03:20 GMT+0900 (GMT+09:00) remote-addr>::1 remote-user>- method>GET url>/login status>200 referrer>- response-time>1037.795 ms user-agent>Mozilla/5.0 (Windows NT 10.0; Win64; x64) AppleWebKit/537.36 (KHTML, like Gecko) Chrome/81.0.4044.138 Safari/537.36
date>Thu Jun 04 2020 16:03:32 GMT+0900 (GMT+09:00) remote-addr>::1 remote-user>user1 method>POST url>/login status>302 referrer>http://localhost:3000/login response-time>77.838 ms user-agent>Mozilla/5.0 (Windows NT 10.0; Win64; x64) AppleWebKit/537.36 (KHTML, like Gecko) Chrome/81.0.4044.138 Safari/537.36
date>Thu Jun 04 2020 16:03:32 GMT+0900 (GMT+09:00) remote-addr>::1 remote-user>user1 method>GET url>/ status>200 referrer>http://localhost:3000/login response-time>132.151 ms user-agent>Mozilla/5.0 (Windows NT 10.0; Win64; x64) AppleWebKit/537.36 (KHTML, like Gecko) Chrome/81.0.4044.138 Safari/537.36
date>Thu Jun 04 2020 16:03:32 GMT+0900 (GMT+09:00) remote-addr>::1 remote-user>user1 method>GET url>/javascripts/jquery.min.js status>404 referrer>http://localhost:3000/catalog response-time>95.156 ms user-agent>Mozilla/5.0 (Windows NT 10.0; Win64; x64) AppleWebKit/537.36 (KHTML, like Gecko) Chrome/81.0.4044.138 Safari/537.36
date>Thu Jun 04 2020 16:03:34 GMT+0900 (GMT+09:00) remote-addr>::1 remote-user>user1 method>GET url>/user/5e831461b5d39f06b851d3ec/update status>200 referrer>http://localhost:3000/catalog response-time>231.891 ms user-agent>Mozilla/5.0 (Windows NT 10.0; Win64; x64) AppleWebKit/537.36 (KHTML, like Gecko) Chrome/81.0.4044.138 Safari/537.36
date>Thu Jun 04 2020 16:03:34 GMT+0900 (GMT+09:00) remote-addr>::1 remote-user>user1 method>GET url>/javascripts/jquery.min.js status>404 referrer>http://localhost:3000/catalog/user/5e831461b5d39f06b851d3ec/update response-time>98.634 ms user-agent>Mozilla/5.0 (Windows NT 10.0; Win64; x64) AppleWebKit/537.36 (KHTML, like Gecko) Chrome/81.0.4044.138 Safari/537.36
date>Thu Jun 04 2020 16:04:23 GMT+0900 (GMT+09:00) remote-addr>::1 remote-user>user1 method>POST url>/user/5e831461b5d39f06b851d3ec/update status>302 referrer>http://localhost:3000/catalog/user/5e831461b5d39f06b851d3ec/update response-time>36.934 ms user-agent>Mozilla/5.0 (Windows NT 10.0; Win64; x64) AppleWebKit/537.36 (KHTML, like Gecko) Chrome/81.0.4044.138 Safari/537.36
date>Thu Jun 04 2020 16:04:23 GMT+0900 (GMT+09:00) remote-addr>::1 remote-user>user1 method>GET url>/user/5e831461b5d39f06b851d3ec status>200 referrer>http://localhost:3000/catalog/user/5e831461b5d39f06b851d3ec/update response-time>120.004 ms user-agent>Mozilla/5.0 (Windows NT 10.0; Win64; x64) AppleWebKit/537.36 (KHTML, like Gecko) Chrome/81.0.4044.138 Safari/537.36
date>Thu Jun 04 2020 16:04:23 GMT+0900 (GMT+09:00) remote-addr>::1 remote-user>user1 method>GET url>/javascripts/jquery.min.js status>404 referrer>http://localhost:3000/catalog/user/5e831461b5d39f06b851d3ec response-time>129.048 ms user-agent>Mozilla/5.0 (Windows NT 10.0; Win64; x64) AppleWebKit/537.36 (KHTML, like Gecko) Chrome/81.0.4044.138 Safari/537.36
date>Thu Jun 04 2020 16:04:25 GMT+0900 (GMT+09:00) remote-addr>::1 remote-user>user1 method>GET url>/ status>304 referrer>http://localhost:3000/catalog/user/5e831461b5d39f06b851d3ec response-time>48.193 ms user-agent>Mozilla/5.0 (Windows NT 10.0; Win64; x64) AppleWebKit/537.36 (KHTML, like Gecko) Chrome/81.0.4044.138 Safari/537.36
date>Thu Jun 04 2020 16:04:25 GMT+0900 (GMT+09:00) remote-addr>::1 remote-user>user1 method>GET url>/javascripts/jquery.min.js status>404 referrer>http://localhost:3000/catalog response-time>43.088 ms user-agent>Mozilla/5.0 (Windows NT 10.0; Win64; x64) AppleWebKit/537.36 (KHTML, like Gecko) Chrome/81.0.4044.138 Safari/537.36
date>Thu Jun 04 2020 16:06:04 GMT+0900 (GMT+09:00) remote-addr>::1 remote-user>- method>GET url>/ status>302 referrer>- response-time>20.228 ms user-agent>Mozilla/5.0 (Windows NT 10.0; Win64; x64) AppleWebKit/537.36 (KHTML, like Gecko) Chrome/81.0.4044.138 Safari/537.36
date>Thu Jun 04 2020 16:06:04 GMT+0900 (GMT+09:00) remote-addr>::1 remote-user>- method>GET url>/login status>200 referrer>- response-time>946.331 ms user-agent>Mozilla/5.0 (Windows NT 10.0; Win64; x64) AppleWebKit/537.36 (KHTML, like Gecko) Chrome/81.0.4044.138 Safari/537.36
date>Thu Jun 04 2020 16:06:14 GMT+0900 (GMT+09:00) remote-addr>::1 remote-user>user2 method>POST url>/login status>302 referrer>http://localhost:3000/login response-time>70.337 ms user-agent>Mozilla/5.0 (Windows NT 10.0; Win64; x64) AppleWebKit/537.36 (KHTML, like Gecko) Chrome/81.0.4044.138 Safari/537.36
date>Thu Jun 04 2020 16:06:14 GMT+0900 (GMT+09:00) remote-addr>::1 remote-user>user2 method>GET url>/ status>200 referrer>http://localhost:3000/login response-time>120.906 ms user-agent>Mozilla/5.0 (Windows NT 10.0; Win64; x64) AppleWebKit/537.36 (KHTML, like Gecko) Chrome/81.0.4044.138 Safari/537.36
date>Thu Jun 04 2020 16:06:15 GMT+0900 (GMT+09:00) remote-addr>::1 remote-user>user2 method>GET url>/javascripts/jquery.min.js status>404 referrer>http://localhost:3000/catalog response-time>98.097 ms user-agent>Mozilla/5.0 (Windows NT 10.0; Win64; x64) AppleWebKit/537.36 (KHTML, like Gecko) Chrome/81.0.4044.138 Safari/537.36
date>Thu Jun 04 2020 16:06:38 GMT+0900 (GMT+09:00) remote-addr>::1 remote-user>- method>GET url>/ status>302 referrer>- response-time>19.292 ms user-agent>Mozilla/5.0 (Windows NT 10.0; Win64; x64) AppleWebKit/537.36 (KHTML, like Gecko) Chrome/81.0.4044.138 Safari/537.36
date>Thu Jun 04 2020 16:06:38 GMT+0900 (GMT+09:00) remote-addr>::1 remote-user>- method>GET url>/login status>200 referrer>- response-time>896.540 ms user-agent>Mozilla/5.0 (Windows NT 10.0; Win64; x64) AppleWebKit/537.36 (KHTML, like Gecko) Chrome/81.0.4044.138 Safari/537.36
date>Thu Jun 04 2020 16:06:44 GMT+0900 (GMT+09:00) remote-addr>::1 remote-user>user2 method>POST url>/login status>302 referrer>http://localhost:3000/login response-time>59.342 ms user-agent>Mozilla/5.0 (Windows NT 10.0; Win64; x64) AppleWebKit/537.36 (KHTML, like Gecko) Chrome/81.0.4044.138 Safari/537.36
date>Thu Jun 04 2020 16:07:05 GMT+0900 (GMT+09:00) remote-addr>::1 remote-user>user2 method>GET url>/ status>304 referrer>http://localhost:3000/login response-time>138.735 ms user-agent>Mozilla/5.0 (Windows NT 10.0; Win64; x64) AppleWebKit/537.36 (KHTML, like Gecko) Chrome/81.0.4044.138 Safari/537.36
date>Thu Jun 04 2020 16:07:05 GMT+0900 (GMT+09:00) remote-addr>::1 remote-user>user2 method>GET url>/javascripts/jquery.min.js status>404 referrer>http://localhost:3000/catalog response-time>109.471 ms user-agent>Mozilla/5.0 (Windows NT 10.0; Win64; x64) AppleWebKit/537.36 (KHTML, like Gecko) Chrome/81.0.4044.138 Safari/537.36
date>Thu Jun 04 2020 16:07:21 GMT+0900 (GMT+09:00) remote-addr>::1 remote-user>user2 method>GET url>/ status>304 referrer>http://localhost:3000/catalog response-time>186.405 ms user-agent>Mozilla/5.0 (Windows NT 10.0; Win64; x64) AppleWebKit/537.36 (KHTML, like Gecko) Chrome/81.0.4044.138 Safari/537.36
date>Thu Jun 04 2020 16:07:54 GMT+0900 (GMT+09:00) remote-addr>::1 remote-user>user2 method>GET url>/javascripts/jquery.min.js status>404 referrer>http://localhost:3000/catalog response-time>101.337 ms user-agent>Mozilla/5.0 (Windows NT 10.0; Win64; x64) AppleWebKit/537.36 (KHTML, like Gecko) Chrome/81.0.4044.138 Safari/537.36
date>Thu Jun 04 2020 16:08:01 GMT+0900 (GMT+09:00) remote-addr>::1 remote-user>user2 method>GET url>/user/5e831461b5d39f06b851d3ed/update status>304 referrer>http://localhost:3000/catalog response-time>291.981 ms user-agent>Mozilla/5.0 (Windows NT 10.0; Win64; x64) AppleWebKit/537.36 (KHTML, like Gecko) Chrome/81.0.4044.138 Safari/537.36
date>Thu Jun 04 2020 16:08:01 GMT+0900 (GMT+09:00) remote-addr>::1 remote-user>user2 method>GET url>/javascripts/jquery.min.js status>404 referrer>http://localhost:3000/catalog/user/5e831461b5d39f06b851d3ed/update response-time>93.706 ms user-agent>Mozilla/5.0 (Windows NT 10.0; Win64; x64) AppleWebKit/537.36 (KHTML, like Gecko) Chrome/81.0.4044.138 Safari/537.36
date>Thu Jun 04 2020 16:08:06 GMT+0900 (GMT+09:00) remote-addr>::1 remote-user>user2 method>GET url>/supply/create status>403 referrer>http://localhost:3000/catalog/user/5e831461b5d39f06b851d3ed/update response-time>20.356 ms user-agent>Mozilla/5.0 (Windows NT 10.0; Win64; x64) AppleWebKit/537.36 (KHTML, like Gecko) Chrome/81.0.4044.138 Safari/537.36
date>Thu Jun 04 2020 16:08:53 GMT+0900 (GMT+09:00) remote-addr>::1 remote-user>user2 method>GET url>/supply/create status>403 referrer>http://localhost:3000/catalog/user/5e831461b5d39f06b851d3ed/update response-time>14.711 ms user-agent>Mozilla/5.0 (Windows NT 10.0; Win64; x64) AppleWebKit/537.36 (KHTML, like Gecko) Chrome/81.0.4044.138 Safari/537.36
date>Thu Jun 04 2020 16:09:17 GMT+0900 (GMT+09:00) remote-addr>::1 remote-user>user2 method>GET url>/shelter_need_supply/create status>403 referrer>http://localhost:3000/catalog/user/5e831461b5d39f06b851d3ed/update response-time>20.017 ms user-agent>Mozilla/5.0 (Windows NT 10.0; Win64; x64) AppleWebKit/537.36 (KHTML, like Gecko) Chrome/81.0.4044.138 Safari/537.36
date>Thu Jun 04 2020 16:09:25 GMT+0900 (GMT+09:00) remote-addr>::1 remote-user>user2 method>GET url>/relationship/research status>200 referrer>http://localhost:3000/catalog/user/5e831461b5d39f06b851d3ed/update response-time>153.366 ms user-agent>Mozilla/5.0 (Windows NT 10.0; Win64; x64) AppleWebKit/537.36 (KHTML, like Gecko) Chrome/81.0.4044.138 Safari/537.36
date>Thu Jun 04 2020 16:09:25 GMT+0900 (GMT+09:00) remote-addr>::1 remote-user>user2 method>GET url>/javascripts/jquery.min.js status>404 referrer>http://localhost:3000/catalog/relationship/research response-time>91.123 ms user-agent>Mozilla/5.0 (Windows NT 10.0; Win64; x64) AppleWebKit/537.36 (KHTML, like Gecko) Chrome/81.0.4044.138 Safari/537.36
date>Thu Jun 04 2020 16:13:47 GMT+0900 (GMT+09:00) remote-addr>::1 remote-user>- method>GET url>/base url> status>302 referrer>- response-time>15.568 ms user-agent>Mozilla/5.0 (Windows NT 10.0; Win64; x64) AppleWebKit/537.36 (KHTML, like Gecko) Chrome/81.0.4044.138 Safari/537.36
date>Thu Jun 04 2020 16:13:47 GMT+0900 (GMT+09:00) remote-addr>::1 remote-user>- method>GET url>/loginbase url> status>200 referrer>- response-time>773.427 ms user-agent>Mozilla/5.0 (Windows NT 10.0; Win64; x64) AppleWebKit/537.36 (KHTML, like Gecko) Chrome/81.0.4044.138 Safari/537.36
date>Thu Jun 04 2020 16:13:54 GMT+0900 (GMT+09:00) remote-addr>::1 remote-user>user1a method>POST url>/loginbase url> status>302 referrer>http://localhost:3000/login response-time>72.545 ms user-agent>Mozilla/5.0 (Windows NT 10.0; Win64; x64) AppleWebKit/537.36 (KHTML, like Gecko) Chrome/81.0.4044.138 Safari/537.36
date>Thu Jun 04 2020 16:13:54 GMT+0900 (GMT+09:00) remote-addr>::1 remote-user>user1a method>GET url>/base url>/catalog status>200 referrer>http://localhost:3000/login response-time>126.155 ms user-agent>Mozilla/5.0 (Windows NT 10.0; Win64; x64) AppleWebKit/537.36 (KHTML, like Gecko) Chrome/81.0.4044.138 Safari/537.36
date>Thu Jun 04 2020 16:13:54 GMT+0900 (GMT+09:00) remote-addr>::1 remote-user>user1a method>GET url>/javascripts/jquery.min.jsbase url> status>404 referrer>http://localhost:3000/catalog response-time>153.614 ms user-agent>Mozilla/5.0 (Windows NT 10.0; Win64; x64) AppleWebKit/537.36 (KHTML, like Gecko) Chrome/81.0.4044.138 Safari/537.36
date>Thu Jun 04 2020 16:13:59 GMT+0900 (GMT+09:00) remote-addr>::1 remote-user>user1a method>GET url>/supply/createbase url>/catalog status>403 referrer>http://localhost:3000/catalog response-time>20.333 ms user-agent>Mozilla/5.0 (Windows NT 10.0; Win64; x64) AppleWebKit/537.36 (KHTML, like Gecko) Chrome/81.0.4044.138 Safari/537.36
date>Thu Jun 04 2020 16:19:28 GMT+0900 (GMT+09:00) remote-addr>::1 remote-user>user1a method>GET url>/javascripts/jquery.min.jsbase url> status>404 referrer>http://localhost:3000/catalog response-time>112.088 ms user-agent>Mozilla/5.0 (Windows NT 10.0; Win64; x64) AppleWebKit/537.36 (KHTML, like Gecko) Chrome/81.0.4044.138 Safari/537.36
date>Thu Jun 04 2020 16:19:29 GMT+0900 (GMT+09:00) remote-addr>::1 remote-user>- method>GET url>/logoutbase url> status>302 referrer>http://localhost:3000/catalog response-time>2.060 ms user-agent>Mozilla/5.0 (Windows NT 10.0; Win64; x64) AppleWebKit/537.36 (KHTML, like Gecko) Chrome/81.0.4044.138 Safari/537.36
date>Thu Jun 04 2020 16:19:29 GMT+0900 (GMT+09:00) remote-addr>::1 remote-user>user1a method>GET url>/loginbase url> status>200 referrer>http://localhost:3000/catalog response-time>11.277 ms user-agent>Mozilla/5.0 (Windows NT 10.0; Win64; x64) AppleWebKit/537.36 (KHTML, like Gecko) Chrome/81.0.4044.138 Safari/537.36
date>Thu Jun 04 2020 16:25:07 GMT+0900 (GMT+09:00) remote-addr>::1 remote-user>root method>POST url>/login  base url> status>302 referrer>http://localhost:3000/login response-time>74.871 ms user-agent>Mozilla/5.0 (Windows NT 10.0; Win64; x64) AppleWebKit/537.36 (KHTML, like Gecko) Chrome/81.0.4044.138 Safari/537.36
date>Thu Jun 04 2020 16:25:07 GMT+0900 (GMT+09:00) remote-addr>::1 remote-user>root method>GET url>/  base url>/catalog status>200 referrer>http://localhost:3000/login response-time>995.163 ms user-agent>Mozilla/5.0 (Windows NT 10.0; Win64; x64) AppleWebKit/537.36 (KHTML, like Gecko) Chrome/81.0.4044.138 Safari/537.36
date>Thu Jun 04 2020 16:25:45 GMT+0900 (GMT+09:00) remote-addr>::1 remote-user>root method>GET url>/user/5e831461b5d39f06b851d3e9/update  base url>/catalog status>200 referrer>http://localhost:3000/catalog response-time>351.966 ms user-agent>Mozilla/5.0 (Windows NT 10.0; Win64; x64) AppleWebKit/537.36 (KHTML, like Gecko) Chrome/81.0.4044.138 Safari/537.36
date>Thu Jun 04 2020 16:25:59 GMT+0900 (GMT+09:00) remote-addr>::1 remote-user>- method>GET url>/logout  base url> status>302 referrer>http://localhost:3000/catalog/user/5e831461b5d39f06b851d3e9/update response-time>5.375 ms user-agent>Mozilla/5.0 (Windows NT 10.0; Win64; x64) AppleWebKit/537.36 (KHTML, like Gecko) Chrome/81.0.4044.138 Safari/537.36
date>Thu Jun 04 2020 16:25:59 GMT+0900 (GMT+09:00) remote-addr>::1 remote-user>root method>GET url>/login  base url> status>200 referrer>http://localhost:3000/catalog/user/5e831461b5d39f06b851d3e9/update response-time>12.320 ms user-agent>Mozilla/5.0 (Windows NT 10.0; Win64; x64) AppleWebKit/537.36 (KHTML, like Gecko) Chrome/81.0.4044.138 Safari/537.36
date>Thu Jun 04 2020 16:26:05 GMT+0900 (GMT+09:00) remote-addr>::1 remote-user>admin method>POST url>/login  base url> status>302 referrer>http://localhost:3000/login response-time>23.423 ms user-agent>Mozilla/5.0 (Windows NT 10.0; Win64; x64) AppleWebKit/537.36 (KHTML, like Gecko) Chrome/81.0.4044.138 Safari/537.36
date>Thu Jun 04 2020 16:26:05 GMT+0900 (GMT+09:00) remote-addr>::1 remote-user>admin method>GET url>/  base url>/catalog status>200 referrer>http://localhost:3000/login response-time>78.827 ms user-agent>Mozilla/5.0 (Windows NT 10.0; Win64; x64) AppleWebKit/537.36 (KHTML, like Gecko) Chrome/81.0.4044.138 Safari/537.36
date>Thu Jun 04 2020 16:26:09 GMT+0900 (GMT+09:00) remote-addr>::1 remote-user>admin method>GET url>/user  base url>/catalog status>200 referrer>http://localhost:3000/catalog response-time>117.474 ms user-agent>Mozilla/5.0 (Windows NT 10.0; Win64; x64) AppleWebKit/537.36 (KHTML, like Gecko) Chrome/81.0.4044.138 Safari/537.36
date>Thu Jun 04 2020 16:29:11 GMT+0900 (GMT+09:00) remote-addr>::1 remote-user>- method>GET url>/  base url> status>302 referrer>- response-time>13.611 ms user-agent>Mozilla/5.0 (Windows NT 10.0; Win64; x64) AppleWebKit/537.36 (KHTML, like Gecko) Chrome/81.0.4044.138 Safari/537.36
date>Thu Jun 04 2020 16:29:11 GMT+0900 (GMT+09:00) remote-addr>::1 remote-user>- method>GET url>/login  base url> status>200 referrer>- response-time>786.349 ms user-agent>Mozilla/5.0 (Windows NT 10.0; Win64; x64) AppleWebKit/537.36 (KHTML, like Gecko) Chrome/81.0.4044.138 Safari/537.36
date>Thu Jun 04 2020 16:29:16 GMT+0900 (GMT+09:00) remote-addr>::1 remote-user>admin method>POST url>/login  base url> status>302 referrer>http://localhost:3000/login response-time>76.836 ms user-agent>Mozilla/5.0 (Windows NT 10.0; Win64; x64) AppleWebKit/537.36 (KHTML, like Gecko) Chrome/81.0.4044.138 Safari/537.36
date>Thu Jun 04 2020 16:29:17 GMT+0900 (GMT+09:00) remote-addr>::1 remote-user>admin method>GET url>/  base url>/catalog status>304 referrer>http://localhost:3000/login response-time>122.228 ms user-agent>Mozilla/5.0 (Windows NT 10.0; Win64; x64) AppleWebKit/537.36 (KHTML, like Gecko) Chrome/81.0.4044.138 Safari/537.36
date>Thu Jun 04 2020 16:29:21 GMT+0900 (GMT+09:00) remote-addr>::1 remote-user>admin method>GET url>/catalog/user  base url> status>404 referrer>http://localhost:3000/catalog response-time>77.101 ms user-agent>Mozilla/5.0 (Windows NT 10.0; Win64; x64) AppleWebKit/537.36 (KHTML, like Gecko) Chrome/81.0.4044.138 Safari/537.36
date>Thu Jun 04 2020 16:31:35 GMT+0900 (GMT+09:00) remote-addr>::1 remote-user>- method>GET url>/catalog/user  base url> status>302 referrer>http://localhost:3000/catalog response-time>8.122 ms user-agent>Mozilla/5.0 (Windows NT 10.0; Win64; x64) AppleWebKit/537.36 (KHTML, like Gecko) Chrome/81.0.4044.138 Safari/537.36
date>Thu Jun 04 2020 16:31:35 GMT+0900 (GMT+09:00) remote-addr>::1 remote-user>- method>GET url>/login  base url> status>200 referrer>http://localhost:3000/catalog response-time>907.763 ms user-agent>Mozilla/5.0 (Windows NT 10.0; Win64; x64) AppleWebKit/537.36 (KHTML, like Gecko) Chrome/81.0.4044.138 Safari/537.36
date>Thu Jun 04 2020 16:31:41 GMT+0900 (GMT+09:00) remote-addr>::1 remote-user>admin method>POST url>/login  base url> status>302 referrer>http://localhost:3000/login response-time>62.831 ms user-agent>Mozilla/5.0 (Windows NT 10.0; Win64; x64) AppleWebKit/537.36 (KHTML, like Gecko) Chrome/81.0.4044.138 Safari/537.36
date>Thu Jun 04 2020 16:31:41 GMT+0900 (GMT+09:00) remote-addr>::1 remote-user>admin method>GET url>/  base url>/catalog status>200 referrer>http://localhost:3000/login response-time>113.439 ms user-agent>Mozilla/5.0 (Windows NT 10.0; Win64; x64) AppleWebKit/537.36 (KHTML, like Gecko) Chrome/81.0.4044.138 Safari/537.36
date>Thu Jun 04 2020 16:31:44 GMT+0900 (GMT+09:00) remote-addr>::1 remote-user>admin method>GET url>/all_users  base url>/catalog status>403 referrer>http://localhost:3000/catalog response-time>21.728 ms user-agent>Mozilla/5.0 (Windows NT 10.0; Win64; x64) AppleWebKit/537.36 (KHTML, like Gecko) Chrome/81.0.4044.138 Safari/537.36
date>Thu Jun 04 2020 16:31:52 GMT+0900 (GMT+09:00) remote-addr>::1 remote-user>admin method>GET url>/login  base url> status>200 referrer>http://localhost:3000/catalog response-time>28.876 ms user-agent>Mozilla/5.0 (Windows NT 10.0; Win64; x64) AppleWebKit/537.36 (KHTML, like Gecko) Chrome/81.0.4044.138 Safari/537.36
date>Thu Jun 04 2020 16:33:36 GMT+0900 (GMT+09:00) remote-addr>::1 remote-user>admin method>POST url>/login  base url> status>302 referrer>http://localhost:3000/login response-time>70.784 ms user-agent>Mozilla/5.0 (Windows NT 10.0; Win64; x64) AppleWebKit/537.36 (KHTML, like Gecko) Chrome/81.0.4044.138 Safari/537.36
date>Thu Jun 04 2020 16:33:36 GMT+0900 (GMT+09:00) remote-addr>::1 remote-user>admin method>GET url>/  base url>/catalog status>200 referrer>http://localhost:3000/login response-time>883.846 ms user-agent>Mozilla/5.0 (Windows NT 10.0; Win64; x64) AppleWebKit/537.36 (KHTML, like Gecko) Chrome/81.0.4044.138 Safari/537.36
date>Thu Jun 04 2020 16:33:40 GMT+0900 (GMT+09:00) remote-addr>::1 remote-user>admin method>GET url>/user  base url>/catalog status>200 referrer>http://localhost:3000/catalog response-time>172.417 ms user-agent>Mozilla/5.0 (Windows NT 10.0; Win64; x64) AppleWebKit/537.36 (KHTML, like Gecko) Chrome/81.0.4044.138 Safari/537.36
date>Thu Jun 04 2020 16:33:42 GMT+0900 (GMT+09:00) remote-addr>::1 remote-user>admin method>GET url>/user/5e831461b5d39f06b851d3e9  base url>/catalog status>304 referrer>http://localhost:3000/catalog/user response-time>134.336 ms user-agent>Mozilla/5.0 (Windows NT 10.0; Win64; x64) AppleWebKit/537.36 (KHTML, like Gecko) Chrome/81.0.4044.138 Safari/537.36
date>Thu Jun 04 2020 16:33:46 GMT+0900 (GMT+09:00) remote-addr>::1 remote-user>admin method>GET url>/user/5e983af34ee4e9342879697b  base url>/catalog status>200 referrer>http://localhost:3000/catalog/user response-time>148.212 ms user-agent>Mozilla/5.0 (Windows NT 10.0; Win64; x64) AppleWebKit/537.36 (KHTML, like Gecko) Chrome/81.0.4044.138 Safari/537.36
date>Thu Jun 04 2020 16:35:31 GMT+0900 (GMT+09:00) remote-addr>::1 remote-user>admin method>GET url>/user/5e983af34ee4e9342879697b/delete  base url>/catalog status>200 referrer>http://localhost:3000/catalog/user/5e983af34ee4e9342879697b response-time>99.288 ms user-agent>Mozilla/5.0 (Windows NT 10.0; Win64; x64) AppleWebKit/537.36 (KHTML, like Gecko) Chrome/81.0.4044.138 Safari/537.36
date>Thu Jun 04 2020 16:35:52 GMT+0900 (GMT+09:00) remote-addr>::1 remote-user>admin method>GET url>/relationship  base url>/catalog status>200 referrer>http://localhost:3000/catalog/user/5e983af34ee4e9342879697b response-time>123.438 ms user-agent>Mozilla/5.0 (Windows NT 10.0; Win64; x64) AppleWebKit/537.36 (KHTML, like Gecko) Chrome/81.0.4044.138 Safari/537.36
date>Thu Jun 04 2020 16:35:58 GMT+0900 (GMT+09:00) remote-addr>::1 remote-user>admin method>GET url>/supply/create  base url>/catalog status>200 referrer>http://localhost:3000/catalog/user/5e983af34ee4e9342879697b response-time>113.427 ms user-agent>Mozilla/5.0 (Windows NT 10.0; Win64; x64) AppleWebKit/537.36 (KHTML, like Gecko) Chrome/81.0.4044.138 Safari/537.36
date>Thu Jun 04 2020 16:48:22 GMT+0900 (GMT+09:00) remote-addr>::1 remote-user>- method>GET url>/catalog/user/5e983af34ee4e9342879697b status>302 referrer>http://localhost:3000/catalog/user
date>Thu Jun 04 2020 17:24:53 GMT+0900 (GMT+09:00) remote-addr>::1 remote-user>- method>GET url>/login status>200 referrer>http://localhost:3000/catalog/user
date>Thu Jun 04 2020 17:25:01 GMT+0900 (GMT+09:00) remote-addr>::1 remote-user>admin method>POST url>/login status>302 referrer>http://localhost:3000/login
date>Thu Jun 04 2020 17:25:01 GMT+0900 (GMT+09:00) remote-addr>::1 remote-user>admin method>GET url>/ status>304 referrer>http://localhost:3000/login
date>Thu Jun 04 2020 17:25:26 GMT+0900 (GMT+09:00) remote-addr>::1 remote-user>- method>GET url>/logout status>302 referrer>http://localhost:3000/catalog
date>Thu Jun 04 2020 17:25:26 GMT+0900 (GMT+09:00) remote-addr>::1 remote-user>admin method>GET url>/login status>200 referrer>http://localhost:3000/catalog
date>Thu Jun 04 2020 17:25:37 GMT+0900 (GMT+09:00) remote-addr>127.0.0.1 remote-user>admin method>POST url>/login status>302 referrer>http://localhost:3000/login
date>Thu Jun 04 2020 17:25:37 GMT+0900 (GMT+09:00) remote-addr>127.0.0.1 remote-user>admin method>GET url>/ status>304 referrer>http://localhost:3000/login
date>Thu Jun 04 2020 17:42:10 GMT+0900 (GMT+09:00) remote-addr>127.0.0.1 status>302 method>GET remote-user>- url>/catalog referrer>http://localhost:3000/login
date>Thu Jun 04 2020 17:42:10 GMT+0900 (GMT+09:00) remote-addr>127.0.0.1 status>200 method>GET remote-user>- url>/login referrer>http://localhost:3000/login
date>Thu Jun 04 2020 17:42:17 GMT+0900 (GMT+09:00) remote-addr>127.0.0.1 status>302 method>POST remote-user>user2, user2 url>/login referrer>http://localhost:3000/login
date>Thu Jun 04 2020 17:42:17 GMT+0900 (GMT+09:00) remote-addr>127.0.0.1 status>200 method>GET remote-user>- url>/ referrer>http://localhost:3000/login
date>Thu Jun 04 2020 17:42:53 GMT+0900 (GMT+09:00) remote-addr>127.0.0.1 status>304 method>GET remote-user>- url>/ referrer>http://localhost:3000/catalog
date>Thu Jun 04 2020 17:43:03 GMT+0900 (GMT+09:00) remote-addr>127.0.0.1 status>304 method>GET remote-user>- url>/user/5e831461b5d39f06b851d3ed/update referrer>http://localhost:3000/catalog
date>Thu Jun 04 2020 17:43:33 GMT+0900 (GMT+09:00) remote-addr>127.0.0.1 status>304 method>GET remote-user>- url>/ referrer>http://localhost:3000/catalog/user/5e831461b5d39f06b851d3ed/update
date>Thu Jun 04 2020 17:46:32 GMT+0900 (GMT+09:00) remote-addr>127.0.0.1 status>302 method>GET remote-user>- url>/ referrer>-
date>Thu Jun 04 2020 17:46:32 GMT+0900 (GMT+09:00) remote-addr>127.0.0.1 status>200 method>GET remote-user>- url>/login referrer>-
date>Thu Jun 04 2020 17:49:53 GMT+0900 (GMT+09:00) remote-addr>127.0.0.1 status>302 method>GET remote-user>- url>/catalog referrer>http://localhost:3000/login
date>Thu Jun 04 2020 17:49:53 GMT+0900 (GMT+09:00) remote-addr>127.0.0.1 status>200 method>GET remote-user>- url>/login referrer>http://localhost:3000/login
date>Thu Jun 04 2020 17:50:00 GMT+0900 (GMT+09:00) remote-addr>127.0.0.1 status>302 method>POST remote-user>5e831461b5d39f06b851d3ed user user2 undefined url>/login referrer>http://localhost:3000/login
date>Thu Jun 04 2020 17:50:11 GMT+0900 (GMT+09:00) remote-addr>127.0.0.1 status>200 method>GET remote-user>undefined user user2 undefined url>/ referrer>http://localhost:3000/login
date>Thu Jun 04 2020 17:50:16 GMT+0900 (GMT+09:00) remote-addr>127.0.0.1 status>304 method>GET remote-user>undefined user user2 undefined url>/user/5e831461b5d39f06b851d3ed/update referrer>http://localhost:3000/catalog
date>Thu Jun 04 2020 17:52:09 GMT+0900 (GMT+09:00) remote-addr>127.0.0.1 status>302 method>GET remote-user>- url>/catalog/user/5e831461b5d39f06b851d3ed/update referrer>http://localhost:3000/catalog
date>Thu Jun 04 2020 17:52:09 GMT+0900 (GMT+09:00) remote-addr>127.0.0.1 status>200 method>GET remote-user>- url>/login referrer>http://localhost:3000/catalog
date>Thu Jun 04 2020 17:52:15 GMT+0900 (GMT+09:00) remote-addr>127.0.0.1 status>302 method>POST remote-user> user_id>5e831461b5d39f06b851d3ed role>user name>user2 undefined url>/login referrer>http://localhost:3000/login
date>Thu Jun 04 2020 17:52:15 GMT+0900 (GMT+09:00) remote-addr>127.0.0.1 status>304 method>GET remote-user> user_id>undefined role>user name>user2 undefined url>/ referrer>http://localhost:3000/login
date>Thu Jun 04 2020 17:52:17 GMT+0900 (GMT+09:00) remote-addr>127.0.0.1 status>403 method>GET remote-user> user_id>undefined role>user name>user2 undefined url>/supply referrer>http://localhost:3000/catalog
date>Thu Jun 04 2020 17:52:52 GMT+0900 (GMT+09:00) remote-addr>127.0.0.1 status>302 method>GET - url>/catalog referrer>http://localhost:3000/login
date>Thu Jun 04 2020 17:52:52 GMT+0900 (GMT+09:00) remote-addr>127.0.0.1 status>200 method>GET - url>/login referrer>http://localhost:3000/login
date>Thu Jun 04 2020 17:52:57 GMT+0900 (GMT+09:00) remote-addr>127.0.0.1 status>302 method>POST  user_id>5e831461b5d39f06b851d3ed role>user name>user2 undefined url>/login referrer>http://localhost:3000/login
date>Thu Jun 04 2020 17:52:57 GMT+0900 (GMT+09:00) remote-addr>127.0.0.1 status>200 method>GET  user_id>undefined role>user name>user2 undefined url>/ referrer>http://localhost:3000/login
date>Thu Jun 04 2020 17:52:59 GMT+0900 (GMT+09:00) remote-addr>127.0.0.1 status>200 method>GET  user_id>undefined role>user name>user2 undefined url>/user/5e831461b5d39f06b851d3ed/update referrer>http://localhost:3000/catalog
date>Thu Jun 04 2020 17:53:52 GMT+0900 (GMT+09:00) remote-addr>127.0.0.1 status>302 method>GET - url>/catalog/user/5e831461b5d39f06b851d3ed/update referrer>http://localhost:3000/catalog
date>Thu Jun 04 2020 17:53:52 GMT+0900 (GMT+09:00) remote-addr>127.0.0.1 status>200 method>GET - url>/login referrer>http://localhost:3000/catalog
date>Thu Jun 04 2020 17:53:58 GMT+0900 (GMT+09:00) remote-addr>127.0.0.1 status>302 method>POST  user_id>5e831461b5d39f06b851d3ed role>user name>user2 user2 url>/login referrer>http://localhost:3000/login
date>Thu Jun 04 2020 17:54:27 GMT+0900 (GMT+09:00) remote-addr>127.0.0.1 status>304 method>GET  user_id>undefined role>user name>user2 user2 url>/ referrer>http://localhost:3000/login
date>Thu Jun 04 2020 17:55:01 GMT+0900 (GMT+09:00) remote-addr>127.0.0.1 status>302 method>GET - url>/catalog referrer>http://localhost:3000/login
date>Thu Jun 04 2020 17:55:01 GMT+0900 (GMT+09:00) remote-addr>127.0.0.1 status>200 method>GET - url>/login referrer>http://localhost:3000/login
date>Thu Jun 04 2020 17:55:06 GMT+0900 (GMT+09:00) remote-addr>127.0.0.1 status>302 method>POST  user_id>5e831461b5d39f06b851d3ed role>user user_name>user2 user2 url>/login referrer>http://localhost:3000/login
date>Thu Jun 04 2020 17:55:06 GMT+0900 (GMT+09:00) remote-addr>127.0.0.1 status>200 method>GET  user_id>undefined role>user user_name>user2 user2 url>/ referrer>http://localhost:3000/login
date>Thu Jun 04 2020 17:57:06 GMT+0900 (GMT+09:00) remote-addr>127.0.0.1 status>200 method>GET - url>/login referrer>http://localhost:3000/catalog/user/5e831461b5d39f06b851d3ed/update
date>Thu Jun 04 2020 17:57:09 GMT+0900 (GMT+09:00) remote-addr>127.0.0.1 status>302 method>GET - url>/catalog/user/5e831461b5d39f06b851d3ed/update referrer>-
date>Thu Jun 04 2020 17:57:09 GMT+0900 (GMT+09:00) remote-addr>127.0.0.1 status>304 method>GET - url>/login referrer>-
date>Thu Jun 04 2020 17:57:14 GMT+0900 (GMT+09:00) remote-addr>127.0.0.1 status>302 method>POST  user_id>5e831461b5d39f06b851d3ed role>user user_name>user2 user2 url>/login referrer>http://localhost:3000/login
date>Thu Jun 04 2020 17:57:53 GMT+0900 (GMT+09:00) remote-addr>127.0.0.1 status>304 method>GET  user_id>5e831461b5d39f06b851d3ed role>user user_name>user2 user2 url>/ referrer>http://localhost:3000/login
date>Thu Jun 04 2020 17:58:16 GMT+0900 (GMT+09:00) remote-addr>127.0.0.1 status>200 method>GET  user_id>5e831461b5d39f06b851d3ed role>user user_name>user2 user2 url>/user/5e831461b5d39f06b851d3ed/update referrer>http://localhost:3000/catalog
date>Thu Jun 04 2020 17:59:16 GMT+0900 (GMT+09:00) remote-addr>127.0.0.1 status>403 method>GET  user_id>5e831461b5d39f06b851d3ed role>user user_name>user2 user2 url>/user_shelter referrer>http://localhost:3000/catalog/user/5e831461b5d39f06b851d3ed/update
